TF210 000:000.346   SEGGER J-Link V8.12c Log File
TF210 000:000.454   DLL Compiled: Jan 22 2025 12:55:59
TF210 000:000.460   Logging started @ 2025-05-22 07:00
TF210 000:000.465   Process: C:\Users\Administrator\.eclipse\com.renesas.platform_1309835749\DebugComp\RA\e2-server-gdb.exe
TF210 000:000.473 - 0.470ms 
TF210 000:000.483 JLINK_GetDLLVersion()
TF210 000:000.489 - 0.005ms returns 81203
TF210 000:001.663 JLINK_OpenEx(...)
TF210 000:006.501   Firmware: J-Link V9 compiled May  7 2021 16:26:12
TF210 000:007.296   Firmware: J-Link V9 compiled May  7 2021 16:26:12
TF210 000:007.400   Decompressing FW timestamp took 91 us
TF210 000:014.525   Hardware: V9.60
TF210 000:014.550   S/N: 69667849
TF210 000:014.557   OEM: SEGGER
TF210 000:014.565   Feature(s): RDI, GDB, FlashDL, FlashBP, JFlash
TF210 000:015.353   Bootloader: (FW returned invalid version)
TF210 000:016.270   TELNET listener socket opened on port 19021
TF210 000:016.336   WEBSRV WEBSRV_Init(): Starting webserver thread(s)
TF210 000:016.426   WEBSRV Webserver running on local port 19080
TF210 000:016.504   Looking for J-Link GUI Server exe at: C:\Users\Administrator\.eclipse\com.renesas.platform_1309835749\DebugComp\RA\ARM\Segger_v8.12.3\JLinkGUIServer.exe
TF210 000:016.554   Looking for J-Link GUI Server exe at: C:\Program Files\SEGGER\JLink_V798\JLinkGUIServer.exe
TF210 000:016.565   Forking J-Link GUI Server: C:\Program Files\SEGGER\JLink_V798\JLinkGUIServer.exe
TF210 000:040.896   J-Link GUI Server info: "J-Link GUI server V7.98 "
TF210 000:051.165 - 49.498ms returns "O.K."
TF210 000:051.249 JLINK_ExecCommand("ProjectFile=C:\Users\Administrator\e2_studio\workspace\RA4M2_IOT_P2_MEMS/RA4M2_IOT_P2_MEMS.elf.jlink", ...). 
TF210 000:065.087 - 13.838ms returns 0x00
TF210 000:065.307 JLINK_ExecCommand("device=R7FA4M2AD", ...). 
TF210 000:066.554   Flash bank @ 0x0100A100: SFL: Parsing sectorization info from ELF file
TF210 000:066.574     FlashDevice.SectorInfo[0]: .SectorSize = 0x00000010, .SectorStartAddr = 0x00000000
TF210 000:066.582   FlashBank @0x0100A100: Sectorization info from SFL ELF file ignored because sectorization override from DLL / XML file is active.
TF210 000:066.785   Flash bank @ 0x60000000: SFL: Parsing sectorization info from ELF file
TF210 000:066.796     FlashDevice.SectorInfo[0]: .SectorSize = 0x00010000, .SectorStartAddr = 0x00000000
TF210 000:069.937   Device "R7FA4M2AD" selected.
TF210 000:070.186 - 4.867ms returns 0x00
TF210 000:070.202 JLINK_TIF_GetAvailable(...)
TF210 000:070.516 - 0.313ms 
TF210 000:070.533 JLINK_TIF_Select(JLINKARM_TIF_SWD)
TF210 000:071.477 - 0.943ms returns 0x00
TF210 000:071.492 JLINK_SetSpeed(4000)
TF210 000:071.629 - 0.138ms 
TF210 000:071.646 JLINK_ReadMem(0xE000EDF0, 0x4 Bytes, ...)
TF210 000:071.934   ConfigTargetSettings() start
TF210 000:071.949    J-Link Script File: Executing ConfigTargetSettings()
TF210 000:071.956   Configuring FlashDLNoRMWThreshold=0x200 in order to make sure that option bytes programming is done via read-modify-write
TF210 000:076.232   ConfigTargetSettings() end - Took 4.28ms
TF210 000:076.245   InitTarget() start
TF210 000:076.252    J-Link Script File: Executing InitTarget()
TF210 000:076.258   SWD selected. Executing JTAG -> SWD switching sequence.
TF210 000:078.226   DAP initialized successfully.
TF210 000:078.248   Determining TrustZone configuration...
TF210 000:080.244     Secure Debug: Enabled (SSD)
TF210 000:080.265   Determining currently configured transfer type by reading the AHB-AP CSW register.
TF210 000:081.126     --> Correct transfer type configured. Done.
TF210 000:081.143   InitTarget() end - Took 4.89ms
TF210 000:081.893   Found SW-DP with ID 0x6BA02477
TF210 000:084.028   DPIDR: 0x6BA02477
TF210 000:084.037   CoreSight SoC-400 or earlier
TF210 000:084.045   Scanning AP map to find all available APs
TF210 000:084.970   AP[2]: Stopped AP scan as end of AP map has been reached
TF210 000:084.979   AP[0]: AHB-AP (IDR: 0x84770001, ADDR: 0x00000000)
TF210 000:084.986   AP[1]: APB-AP (IDR: 0x54770002, ADDR: 0x01000000)
TF210 000:084.993   Iterating through AP map to find AHB-AP to use
TF210 000:085.837   AP[0]: Core found
TF210 000:085.845   AP[0]: AHB-AP ROM base: 0xE00FE000
TF210 000:086.266   CPUID register: 0x410FD214. Implementer code: 0x41 (ARM)
TF210 000:086.273   Feature set: Mainline
TF210 000:086.690   Cache: No cache
TF210 000:086.698   Found Cortex-M33 r0p4, Little endian.
TF210 000:087.079   -- Max. mem block: 0x00010A88
TF210 000:087.701   
  ***** Warning: 
TF210 000:087.715   Cortex-M (ARMv8-M and later): The connected J-Link (S/N 69667849) uses an old firmware module that does not handle I/D-cache correctly. Proper debugging functionality cannot be guaranteed if cache is enabled
TF210 000:087.729   CPU_ReadMem(4 bytes @ 0xE000EDF0)
TF210 000:088.095   CPU_WriteMem(4 bytes @ 0xE000EDF0)
TF210 000:088.495   CPU_ReadMem(4 bytes @ 0xE0002000)
TF210 000:088.816   FPUnit: 8 code (BP) slots and 0 literal slots
TF210 000:088.824   CPU_ReadMem(4 bytes @ 0xE000EDFC)
TF210 000:089.146   CPU_WriteMem(4 bytes @ 0xE000EDFC)
TF210 000:089.491   CPU_ReadMem(4 bytes @ 0xE0001000)
TF210 000:089.828   CPU_ReadMem(4 bytes @ 0xE0001000)
TF210 000:090.110   CPU_ReadMem(4 bytes @ 0xE0001028)
TF210 000:090.441   CPU_ReadMem(4 bytes @ 0xE0001038)
TF210 000:090.839   CPU_ReadMem(4 bytes @ 0xE0001048)
TF210 000:091.172   CPU_ReadMem(4 bytes @ 0xE0001058)
TF210 000:091.511   CPU_WriteMem(4 bytes @ 0xE0001000)
TF210 000:091.823   CPU_ReadMem(4 bytes @ 0xE000ED88)
TF210 000:092.158   CPU_WriteMem(4 bytes @ 0xE000ED88)
TF210 000:092.492   CPU_ReadMem(4 bytes @ 0xE000ED88)
TF210 000:092.817   CPU_WriteMem(4 bytes @ 0xE000ED88)
TF210 000:093.157   CPU_ReadMem(4 bytes @ 0xE000EFB8)
TF210 000:093.488   Security extension: implemented
TF210 000:093.495   Secure debug: enabled
TF210 000:093.502   CoreSight components:
TF210 000:093.509   ROMTbl[0] @ E00FE000
TF210 000:093.516   CPU_ReadMem(64 bytes @ 0xE00FE000)
TF210 000:094.167   CPU_ReadMem(32 bytes @ 0xE0044FE0)
TF210 000:094.637   CPU_ReadMem(4 bytes @ 0xE0044FBC)
TF210 000:095.014   CPU_ReadMem(4 bytes @ 0xE0044FCC)
TF210 000:095.365   [0][0]: E0044000 CID B105900D PID 005BB906 DEVARCH 00000000 DEVTYPE 14 CTI (?)
TF210 000:095.376   CPU_ReadMem(32 bytes @ 0xE0047FE0)
TF210 000:096.141   CPU_ReadMem(4 bytes @ 0xE0047FBC)
TF210 000:096.596   CPU_ReadMem(4 bytes @ 0xE0047FCC)
TF210 000:097.021   [0][1]: E0047000 CID B105900D PID 003BB908 DEVARCH 00000000 DEVTYPE 12 CSTF
TF210 000:097.035   CPU_ReadMem(32 bytes @ 0xE0048FE0)
TF210 000:097.593   CPU_ReadMem(4 bytes @ 0xE0048FBC)
TF210 000:098.017   CPU_ReadMem(4 bytes @ 0xE0048FCC)
TF210 000:098.390   [0][2]: E0048000 CID B105900D PID 001BB961 DEVARCH 00000000 DEVTYPE 21 TMC
TF210 000:098.405   CPU_ReadMem(32 bytes @ 0xE0049FE0)
TF210 000:098.887   [0][3]: E0049000 CID B105F00D PID 001BB101 TSG
TF210 000:098.902   CPU_ReadMem(32 bytes @ 0xE0040FE0)
TF210 000:099.393   CPU_ReadMem(4 bytes @ 0xE0040FBC)
TF210 000:099.717   CPU_ReadMem(4 bytes @ 0xE0040FCC)
TF210 000:100.010   [0][4]: E0040000 CID B105900D PID 000BBD21 DEVARCH 00000000 DEVTYPE 11 TPIU
TF210 000:100.017   CPU_ReadMem(32 bytes @ 0xE00FFFE0)
TF210 000:100.464   [0][5]: E00FF000 CID B105100D PID 000BB4C9 ROM Table
TF210 000:100.471   ROMTbl[1] @ E00FF000
TF210 000:100.478   CPU_ReadMem(64 bytes @ 0xE00FF000)
TF210 000:101.117   CPU_ReadMem(32 bytes @ 0xE000EFE0)
TF210 000:101.569   CPU_ReadMem(4 bytes @ 0xE000EFBC)
TF210 000:101.870   CPU_ReadMem(4 bytes @ 0xE000EFCC)
TF210 000:102.192   [1][0]: E000E000 CID B105900D PID 000BBD21 DEVARCH 47702A04 DEVTYPE 00 Cortex-M33
TF210 000:102.200   CPU_ReadMem(32 bytes @ 0xE0001FE0)
TF210 000:102.637   CPU_ReadMem(4 bytes @ 0xE0001FBC)
TF210 000:103.014   CPU_ReadMem(4 bytes @ 0xE0001FCC)
TF210 000:103.348   [1][1]: E0001000 CID B105900D PID 000BBD21 DEVARCH 47701A02 DEVTYPE 00 DWT
TF210 000:103.356   CPU_ReadMem(32 bytes @ 0xE0002FE0)
TF210 000:103.839   CPU_ReadMem(4 bytes @ 0xE0002FBC)
TF210 000:104.170   CPU_ReadMem(4 bytes @ 0xE0002FCC)
TF210 000:104.512   [1][2]: E0002000 CID B105900D PID 000BBD21 DEVARCH 47701A03 DEVTYPE 00 FPB
TF210 000:104.524   CPU_ReadMem(32 bytes @ 0xE0000FE0)
TF210 000:104.931   CPU_ReadMem(4 bytes @ 0xE0000FBC)
TF210 000:105.260   CPU_ReadMem(4 bytes @ 0xE0000FCC)
TF210 000:105.592   [1][3]: E0000000 CID B105900D PID 000BBD21 DEVARCH 47701A01 DEVTYPE 43 ITM
TF210 000:105.600   CPU_ReadMem(32 bytes @ 0xE0041FE0)
TF210 000:106.033   CPU_ReadMem(4 bytes @ 0xE0041FBC)
TF210 000:106.367   CPU_ReadMem(4 bytes @ 0xE0041FCC)
TF210 000:106.716   [1][5]: E0041000 CID B105900D PID 002BBD21 DEVARCH 47724A13 DEVTYPE 13 ETM
TF210 000:106.723   CPU_ReadMem(32 bytes @ 0xE0042FE0)
TF210 000:107.177   CPU_ReadMem(4 bytes @ 0xE0042FBC)
TF210 000:107.511   CPU_ReadMem(4 bytes @ 0xE0042FCC)
TF210 000:107.816   [1][6]: E0042000 CID B105900D PID 000BBD21 DEVARCH 47701A14 DEVTYPE 14 CSS600-CTI
TF210 000:107.849   CPU_ReadMem(4 bytes @ 0xE000EDF0)
TF210 000:108.168   Data:  01 00 10 01
TF210 000:108.176   Debug reg: DHCSR
TF210 000:108.183 - 36.537ms returns 0
TF210 000:108.215 JLINK_ReadMem(0x400E002C, 0x4 Bytes, ...)
TF210 000:108.222   CPU_ReadMem(4 bytes @ 0x400E002C)
TF210 000:108.594   Data:  01 00 00 00
TF210 000:108.601 - 0.385ms returns 0
TF210 000:108.621 JLINK_ReadMem(0xE000EDF0, 0x4 Bytes, ...)
TF210 000:108.626   CPU_ReadMem(4 bytes @ 0xE000EDF0)
TF210 000:109.008   Data:  01 00 10 01
TF210 000:109.015   Debug reg: DHCSR
TF210 000:109.022 - 0.401ms returns 0
TF210 000:109.043 JLINK_ReadMem(0xE000EDF0, 0x4 Bytes, ...)
TF210 000:109.049   CPU_ReadMem(4 bytes @ 0xE000EDF0)
TF210 000:109.423   Data:  01 00 10 01
TF210 000:109.435   Debug reg: DHCSR
TF210 000:109.445 - 0.401ms returns 0
TF210 000:109.451 JLINK_ReadMem(0x400E001C, 0x4 Bytes, ...)
TF210 000:109.456   CPU_ReadMem(4 bytes @ 0x400E001C)
TF210 000:109.827   Data:  00 FC FF 00
TF210 000:109.834 - 0.383ms returns 0
TF210 000:109.840 JLINK_ReadMem(0xE000EDF0, 0x4 Bytes, ...)
TF210 000:109.846   CPU_ReadMem(4 bytes @ 0xE000EDF0)
TF210 000:110.170   Data:  01 00 10 01
TF210 000:110.177   Debug reg: DHCSR
TF210 000:110.184 - 0.343ms returns 0
TF210 000:110.189 JLINK_ReadMem(0x400E0018, 0x4 Bytes, ...)
TF210 000:110.194   CPU_ReadMem(4 bytes @ 0x400E0018)
TF210 000:110.512   Data:  00 80 FF 00
TF210 000:110.519 - 0.329ms returns 0
TF210 000:110.526 JLINK_ReadMem(0xE000EDF0, 0x4 Bytes, ...)
TF210 000:110.531   CPU_ReadMem(4 bytes @ 0xE000EDF0)
TF210 000:110.865   Data:  01 00 10 01
TF210 000:110.873   Debug reg: DHCSR
TF210 000:110.880 - 0.353ms returns 0
TF210 000:110.885 JLINK_ReadMem(0x400E0020, 0x4 Bytes, ...)
TF210 000:110.891   CPU_ReadMem(4 bytes @ 0x400E0020)
TF210 000:111.260   Data:  00 FC 00 00
TF210 000:111.267 - 0.381ms returns 0
TF210 000:111.274 JLINK_ReadMem(0xE000EDF0, 0x4 Bytes, ...)
TF210 000:111.279   CPU_ReadMem(4 bytes @ 0xE000EDF0)
TF210 000:111.599   Data:  01 00 10 01
TF210 000:111.605   Debug reg: DHCSR
TF210 000:111.612 - 0.338ms returns 0
TF210 000:111.618 JLINK_ReadMem(0x400E0028, 0x4 Bytes, ...)
TF210 000:111.623   CPU_ReadMem(4 bytes @ 0x400E0028)
TF210 000:111.997   Data:  00 FC 1F 00
TF210 000:112.010 - 0.391ms returns 0
TF210 000:112.048 JLINK_ReadMem(0xE000EDF0, 0x4 Bytes, ...)
TF210 000:112.056   CPU_ReadMem(4 bytes @ 0xE000EDF0)
TF210 000:112.865   Data:  01 00 10 01
TF210 000:112.886   Debug reg: DHCSR
TF210 000:112.893 - 0.845ms returns 0
TF210 000:112.906 JLINK_ReadMem(0x400E0024, 0x4 Bytes, ...)
TF210 000:112.917   CPU_ReadMem(4 bytes @ 0x400E0024)
TF210 000:113.456   Data:  00 E0 1F 00
TF210 000:113.489 - 0.582ms returns 0
TF210 000:113.511 JLINK_ReadMem(0xE000EDF0, 0x4 Bytes, ...)
TF210 000:113.528   CPU_ReadMem(4 bytes @ 0xE000EDF0)
TF210 000:113.929   Data:  01 00 10 01
TF210 000:113.945   Debug reg: DHCSR
TF210 000:113.953 - 0.441ms returns 0
TF210 000:113.961 JLINK_ReadMem(0x400E002C, 0x4 Bytes, ...)
TF210 000:113.969   CPU_ReadMem(4 bytes @ 0x400E002C)
TF210 000:114.360   Data:  01 00 00 00
TF210 000:114.370 - 0.409ms returns 0
TF210 000:121.303 JLINK_Close()
TF210 000:134.953 - 13.649ms
TF210 000:134.987   
TF210 000:134.992   Closed
